<?xml version="1.0" encoding="UTF-8"?>
<!-- Generated by org.testng.reporters.JUnitXMLReporter -->
<testsuite ignored="0" hostname="DESKTOP-MGVC6GB" failures="0" tests="3" name="Test" time="0.304" errors="0" timestamp="2022-02-16T22:32:14 IST">
  <testcase classname="com.sauceDemo.TestCLasses.BaseClass1" name="@BeforeMethod setUp" time="-1.645030934504E9">
    <failure type="org.testng.TestNGException" message="
Parameter &amp;apos;browserName&amp;apos; is required by BeforeMethod on method setUp but has not been marked @Optional or defined
in C:\Users\DELL\eclipse-workspace\SauceDemoV1\testng.xml">
      <![CDATA[org.testng.TestNGException: 
Parameter 'browserName' is required by BeforeMethod on method setUp but has not been marked @Optional or defined
in C:\Users\DELL\eclipse-workspace\SauceDemoV1\testng.xml
at java.base/java.util.concurrent.ThreadPoolExecutor.runWorker(ThreadPoolExecutor.java:1136)
at java.base/java.util.concurrent.ThreadPoolExecutor$Worker.run(ThreadPoolExecutor.java:635)
at java.base/java.lang.Thread.run(Thread.java:833)
... Removed 13 stack frames]]>
    </failure>
  </testcase> <!-- @BeforeMethod setUp -->
  <testcase classname="com.sauceDemo.TestCLasses.BaseClass1" name="@BeforeMethod setUp" time="-1.645030934505E9">
    <failure type="org.testng.TestNGException" message="
Parameter &amp;apos;browserName&amp;apos; is required by BeforeMethod on method setUp but has not been marked @Optional or defined
in C:\Users\DELL\eclipse-workspace\SauceDemoV1\testng.xml">
      <![CDATA[org.testng.TestNGException: 
Parameter 'browserName' is required by BeforeMethod on method setUp but has not been marked @Optional or defined
in C:\Users\DELL\eclipse-workspace\SauceDemoV1\testng.xml
at java.base/java.util.concurrent.ThreadPoolExecutor.runWorker(ThreadPoolExecutor.java:1136)
at java.base/java.util.concurrent.ThreadPoolExecutor$Worker.run(ThreadPoolExecutor.java:635)
at java.base/java.lang.Thread.run(Thread.java:833)
... Removed 13 stack frames]]>
    </failure>
  </testcase> <!-- @BeforeMethod setUp -->
  <testcase classname="com.sauceDemo.TestCLasses.BaseClass1" name="@BeforeMethod setUp" time="-1.645030934506E9">
    <failure type="org.testng.TestNGException" message="
Parameter &amp;apos;browserName&amp;apos; is required by BeforeMethod on method setUp but has not been marked @Optional or defined
in C:\Users\DELL\eclipse-workspace\SauceDemoV1\testng.xml">
      <![CDATA[org.testng.TestNGException: 
Parameter 'browserName' is required by BeforeMethod on method setUp but has not been marked @Optional or defined
in C:\Users\DELL\eclipse-workspace\SauceDemoV1\testng.xml
at java.base/java.util.concurrent.ThreadPoolExecutor.runWorker(ThreadPoolExecutor.java:1136)
at java.base/java.util.concurrent.ThreadPoolExecutor$Worker.run(ThreadPoolExecutor.java:635)
at java.base/java.lang.Thread.run(Thread.java:833)
... Removed 13 stack frames]]>
    </failure>
  </testcase> <!-- @BeforeMethod setUp -->
  <testcase classname="com.sauceDemo.TestCLasses.BaseClass1" name="@AfterMethod logoutMethod" time="-1.645030934656E9">
    <skipped/>
  </testcase> <!-- @AfterMethod logoutMethod -->
  <testcase classname="com.sauceDemo.TestCLasses.BaseClass1" name="@AfterMethod logoutMethod" time="-1.645030934674E9">
    <skipped/>
  </testcase> <!-- @AfterMethod logoutMethod -->
  <testcase classname="com.sauceDemo.TestCLasses.BaseClass1" name="@AfterMethod logoutMethod" time="-1.645030934679E9">
    <skipped/>
  </testcase> <!-- @AfterMethod logoutMethod -->
  <testcase classname="com.sauceDemo.TestCLasses.TC02VerifyLogoutFunctionality" name="Verifylogout" time="0.0">
    <skipped/>
  </testcase> <!-- Verifylogout -->
  <testcase classname="com.sauceDemo.TestCLasses.TC01VerifyLoginFunctioanlity" name="checktitle" time="0.0">
    <skipped/>
  </testcase> <!-- checktitle -->
  <testcase classname="com.sauceDemo.TestCLasses.TC03VerifyAddtoCartFunctionality" name="verifyAddtocart" time="0.0">
    <skipped/>
  </testcase> <!-- verifyAddtocart -->
</testsuite> <!-- Test -->
